12/3/2017 at 23:29:35 :: Loading in owl file at OWL/DINTO/DINTO1.2/DINTO 1.2 additional material/DINTO 1.2 subsets/OAE_DINTO_subset.owl 
12/3/2017 at 23:31:3 :: Classes loaded from model at OWL/DINTO/DINTO1.2/DINTO 1.2 additional material/DINTO 1.2 subsets/OAE_DINTO_subset.owl 
12/3/2017 at 23:31:30 :: User selected finding class lung AE 
12/3/2017 at 23:31:30 :: Searching for class lung AE 
12/3/2017 at 23:31:31 :: Found class lung AE 
@prefix : <http://purl.obolibrary.org/obo/oae.owl#> .
@prefix BFO: <http://purl.obolibrary.org/obo/bfo.owl#> .
@prefix OBO_REL: <http://purl.org/obo/owl/OBO_REL#> .
@prefix PATO: <http://purl.org/obo/owl/PATO#> .
@prefix dc: <http://purl.org/dc/elements/1.1/> .
@prefix foaf: <http://xmlns.com/foaf/0.1/> .
@prefix obo: <http://purl.obolibrary.org/obo/> .
@prefix oboInOwl: <http://www.geneontology.org/formats/oboInOwl#> .
@prefix owl: <http://www.w3.org/2002/07/owl#> .
@prefix owl2xml: <http://www.w3.org/2006/12/owl2-xml#> .
@prefix protege: <http://protege.stanford.edu/plugins/owl/protege#> .
@prefix rdf: <http://www.w3.org/1999/02/22-rdf-syntax-ns#> .
@prefix rdfs: <http://www.w3.org/2000/01/rdf-schema#> .
@prefix ro: <http://www.obofoundry.org/ro/ro.owl#> .
@prefix skos: <http://www.w3.org/2004/02/skos/core#> .
@prefix uberon: <http://purl.obolibrary.org/obo/uberon#> .
@prefix xml: <http://www.w3.org/XML/1998/namespace> .
@prefix xsd: <http://www.w3.org/2001/XMLSchema#> .

obo:OAE_0000434 a owl:Class ;
    rdfs:label "lung AE" ;
    obo:IAO_0000115 "a respiratory system AE which has an outcome of lung disorder" ;
    obo:IAO_0000117 "YH" ;
    obo:IAO_0000118 "lung disorder AE" ;
    rdfs:seeAlso "HPO: HP_0006552",
        "MedDRA: 10025082",
        "SIDER: C0024115" ;
    rdfs:subClassOf obo:OAE_0000378 .

12/3/2017 at 23:31:31 :: Printing class details to console 
12/3/2017 at 23:31:34 :: Exiting application 
